◇ injected env (1) from .env // tip: ⌘ custom filepath { path: '/custom/path/.env' }
◇ injected env (0) from .env // tip: ⌘ multiple files { path: ['.env.local', '.env'] }
Server is running on port 5000
Error fetching colleges error: relation "colleges" does not exist
    at /home/cook/Projects/HostelOLX/server/node_modules/pg-pool/index.js:45:11
    at process.processTicksAndRejections (node:internal/process/task_queues:104:5)
    at async /home/cook/Projects/HostelOLX/server/server.js:19:22 {
  length: 107,
  severity: 'ERROR',
  code: '42P01',
  detail: undefined,
  hint: undefined,
  position: '36',
  internalPosition: undefined,
  internalQuery: undefined,
  where: undefined,
  schema: undefined,
  table: undefined,
  column: undefined,
  dataType: undefined,
  constraint: undefined,
  file: 'parse_relation.c',
  line: '1466',
  routine: 'parserOpenTable'
}
Error fetching colleges error: relation "colleges" does not exist
    at /home/cook/Projects/HostelOLX/server/node_modules/pg-pool/index.js:45:11
    at process.processTicksAndRejections (node:internal/process/task_queues:104:5)
    at async /home/cook/Projects/HostelOLX/server/server.js:19:22 {
  length: 107,
  severity: 'ERROR',
  code: '42P01',
  detail: undefined,
  hint: undefined,
  position: '36',
  internalPosition: undefined,
  internalQuery: undefined,
  where: undefined,
  schema: undefined,
  table: undefined,
  column: undefined,
  dataType: undefined,
  constraint: undefined,
  file: 'parse_relation.c',
  line: '1466',
  routine: 'parserOpenTable'
}
Error fetching colleges error: relation "colleges" does not exist
    at /home/cook/Projects/HostelOLX/server/node_modules/pg-pool/index.js:45:11
    at process.processTicksAndRejections (node:internal/process/task_queues:104:5)
    at async /home/cook/Projects/HostelOLX/server/server.js:19:22 {
  length: 107,
  severity: 'ERROR',
  code: '42P01',
  detail: undefined,
  hint: undefined,
  position: '36',
  internalPosition: undefined,
  internalQuery: undefined,
  where: undefined,
  schema: undefined,
  table: undefined,
  column: undefined,
  dataType: undefined,
  constraint: undefined,
  file: 'parse_relation.c',
  line: '1466',
  routine: 'parserOpenTable'
}
Error fetching colleges error: relation "colleges" does not exist
    at /home/cook/Projects/HostelOLX/server/node_modules/pg-pool/index.js:45:11
    at process.processTicksAndRejections (node:internal/process/task_queues:104:5)
    at async /home/cook/Projects/HostelOLX/server/server.js:19:22 {
  length: 107,
  severity: 'ERROR',
  code: '42P01',
  detail: undefined,
  hint: undefined,
  position: '36',
  internalPosition: undefined,
  internalQuery: undefined,
  where: undefined,
  schema: undefined,
  table: undefined,
  column: undefined,
  dataType: undefined,
  constraint: undefined,
  file: 'parse_relation.c',
  line: '1466',
  routine: 'parserOpenTable'
}
Error fetching colleges error: relation "colleges" does not exist
    at /home/cook/Projects/HostelOLX/server/node_modules/pg-pool/index.js:45:11
    at process.processTicksAndRejections (node:internal/process/task_queues:104:5)
    at async /home/cook/Projects/HostelOLX/server/server.js:19:22 {
  length: 107,
  severity: 'ERROR',
  code: '42P01',
  detail: undefined,
  hint: undefined,
  position: '36',
  internalPosition: undefined,
  internalQuery: undefined,
  where: undefined,
  schema: undefined,
  table: undefined,
  column: undefined,
  dataType: undefined,
  constraint: undefined,
  file: 'parse_relation.c',
  line: '1466',
  routine: 'parserOpenTable'
}
Error fetching colleges error: relation "colleges" does not exist
    at /home/cook/Projects/HostelOLX/server/node_modules/pg-pool/index.js:45:11
    at process.processTicksAndRejections (node:internal/process/task_queues:104:5)
    at async /home/cook/Projects/HostelOLX/server/server.js:19:22 {
  length: 107,
  severity: 'ERROR',
  code: '42P01',
  detail: undefined,
  hint: undefined,
  position: '36',
  internalPosition: undefined,
  internalQuery: undefined,
  where: undefined,
  schema: undefined,
  table: undefined,
  column: undefined,
  dataType: undefined,
  constraint: undefined,
  file: 'parse_relation.c',
  line: '1466',
  routine: 'parserOpenTable'
}
Error fetching colleges error: relation "colleges" does not exist
    at /home/cook/Projects/HostelOLX/server/node_modules/pg-pool/index.js:45:11
    at process.processTicksAndRejections (node:internal/process/task_queues:104:5)
    at async /home/cook/Projects/HostelOLX/server/server.js:19:22 {
  length: 107,
  severity: 'ERROR',
  code: '42P01',
  detail: undefined,
  hint: undefined,
  position: '36',
  internalPosition: undefined,
  internalQuery: undefined,
  where: undefined,
  schema: undefined,
  table: undefined,
  column: undefined,
  dataType: undefined,
  constraint: undefined,
  file: 'parse_relation.c',
  line: '1466',
  routine: 'parserOpenTable'
}
Error fetching colleges error: relation "colleges" does not exist
    at /home/cook/Projects/HostelOLX/server/node_modules/pg-pool/index.js:45:11
    at process.processTicksAndRejections (node:internal/process/task_queues:104:5)
    at async /home/cook/Projects/HostelOLX/server/server.js:19:22 {
  length: 107,
  severity: 'ERROR',
  code: '42P01',
  detail: undefined,
  hint: undefined,
  position: '36',
  internalPosition: undefined,
  internalQuery: undefined,
  where: undefined,
  schema: undefined,
  table: undefined,
  column: undefined,
  dataType: undefined,
  constraint: undefined,
  file: 'parse_relation.c',
  line: '1466',
  routine: 'parserOpenTable'
}
Error fetching colleges error: relation "colleges" does not exist
    at /home/cook/Projects/HostelOLX/server/node_modules/pg-pool/index.js:45:11
    at process.processTicksAndRejections (node:internal/process/task_queues:104:5)
    at async /home/cook/Projects/HostelOLX/server/server.js:19:22 {
  length: 107,
  severity: 'ERROR',
  code: '42P01',
  detail: undefined,
  hint: undefined,
  position: '36',
  internalPosition: undefined,
  internalQuery: undefined,
  where: undefined,
  schema: undefined,
  table: undefined,
  column: undefined,
  dataType: undefined,
  constraint: undefined,
  file: 'parse_relation.c',
  line: '1466',
  routine: 'parserOpenTable'
}
Error fetching colleges error: relation "colleges" does not exist
    at /home/cook/Projects/HostelOLX/server/node_modules/pg-pool/index.js:45:11
    at process.processTicksAndRejections (node:internal/process/task_queues:104:5)
    at async /home/cook/Projects/HostelOLX/server/server.js:19:22 {
  length: 107,
  severity: 'ERROR',
  code: '42P01',
  detail: undefined,
  hint: undefined,
  position: '36',
  internalPosition: undefined,
  internalQuery: undefined,
  where: undefined,
  schema: undefined,
  table: undefined,
  column: undefined,
  dataType: undefined,
  constraint: undefined,
  file: 'parse_relation.c',
  line: '1466',
  routine: 'parserOpenTable'
}
Error fetching colleges error: relation "colleges" does not exist
    at /home/cook/Projects/HostelOLX/server/node_modules/pg-pool/index.js:45:11
    at process.processTicksAndRejections (node:internal/process/task_queues:104:5)
    at async /home/cook/Projects/HostelOLX/server/server.js:19:22 {
  length: 107,
  severity: 'ERROR',
  code: '42P01',
  detail: undefined,
  hint: undefined,
  position: '36',
  internalPosition: undefined,
  internalQuery: undefined,
  where: undefined,
  schema: undefined,
  table: undefined,
  column: undefined,
  dataType: undefined,
  constraint: undefined,
  file: 'parse_relation.c',
  line: '1466',
  routine: 'parserOpenTable'
}
Error fetching colleges error: relation "colleges" does not exist
    at /home/cook/Projects/HostelOLX/server/node_modules/pg-pool/index.js:45:11
    at process.processTicksAndRejections (node:internal/process/task_queues:104:5)
    at async /home/cook/Projects/HostelOLX/server/server.js:19:22 {
  length: 107,
  severity: 'ERROR',
  code: '42P01',
  detail: undefined,
  hint: undefined,
  position: '36',
  internalPosition: undefined,
  internalQuery: undefined,
  where: undefined,
  schema: undefined,
  table: undefined,
  column: undefined,
  dataType: undefined,
  constraint: undefined,
  file: 'parse_relation.c',
  line: '1466',
  routine: 'parserOpenTable'
}
Error fetching colleges error: relation "colleges" does not exist
    at /home/cook/Projects/HostelOLX/server/node_modules/pg-pool/index.js:45:11
    at process.processTicksAndRejections (node:internal/process/task_queues:104:5)
    at async /home/cook/Projects/HostelOLX/server/server.js:19:22 {
  length: 107,
  severity: 'ERROR',
  code: '42P01',
  detail: undefined,
  hint: undefined,
  position: '36',
  internalPosition: undefined,
  internalQuery: undefined,
  where: undefined,
  schema: undefined,
  table: undefined,
  column: undefined,
  dataType: undefined,
  constraint: undefined,
  file: 'parse_relation.c',
  line: '1466',
  routine: 'parserOpenTable'
}
Error fetching colleges error: relation "colleges" does not exist
    at /home/cook/Projects/HostelOLX/server/node_modules/pg-pool/index.js:45:11
    at process.processTicksAndRejections (node:internal/process/task_queues:104:5)
    at async /home/cook/Projects/HostelOLX/server/server.js:19:22 {
  length: 107,
  severity: 'ERROR',
  code: '42P01',
  detail: undefined,
  hint: undefined,
  position: '36',
  internalPosition: undefined,
  internalQuery: undefined,
  where: undefined,
  schema: undefined,
  table: undefined,
  column: undefined,
  dataType: undefined,
  constraint: undefined,
  file: 'parse_relation.c',
  line: '1466',
  routine: 'parserOpenTable'
}
Error fetching colleges error: relation "colleges" does not exist
    at /home/cook/Projects/HostelOLX/server/node_modules/pg-pool/index.js:45:11
    at process.processTicksAndRejections (node:internal/process/task_queues:104:5)
    at async /home/cook/Projects/HostelOLX/server/server.js:19:22 {
  length: 107,
  severity: 'ERROR',
  code: '42P01',
  detail: undefined,
  hint: undefined,
  position: '36',
  internalPosition: undefined,
  internalQuery: undefined,
  where: undefined,
  schema: undefined,
  table: undefined,
  column: undefined,
  dataType: undefined,
  constraint: undefined,
  file: 'parse_relation.c',
  line: '1466',
  routine: 'parserOpenTable'
}
Error fetching colleges error: relation "colleges" does not exist
    at /home/cook/Projects/HostelOLX/server/node_modules/pg-pool/index.js:45:11
    at process.processTicksAndRejections (node:internal/process/task_queues:104:5)
    at async /home/cook/Projects/HostelOLX/server/server.js:19:22 {
  length: 107,
  severity: 'ERROR',
  code: '42P01',
  detail: undefined,
  hint: undefined,
  position: '36',
  internalPosition: undefined,
  internalQuery: undefined,
  where: undefined,
  schema: undefined,
  table: undefined,
  column: undefined,
  dataType: undefined,
  constraint: undefined,
  file: 'parse_relation.c',
  line: '1466',
  routine: 'parserOpenTable'
}
Error fetching colleges error: relation "colleges" does not exist
    at /home/cook/Projects/HostelOLX/server/node_modules/pg-pool/index.js:45:11
    at process.processTicksAndRejections (node:internal/process/task_queues:104:5)
    at async /home/cook/Projects/HostelOLX/server/server.js:19:22 {
  length: 107,
  severity: 'ERROR',
  code: '42P01',
  detail: undefined,
  hint: undefined,
  position: '36',
  internalPosition: undefined,
  internalQuery: undefined,
  where: undefined,
  schema: undefined,
  table: undefined,
  column: undefined,
  dataType: undefined,
  constraint: undefined,
  file: 'parse_relation.c',
  line: '1466',
  routine: 'parserOpenTable'
}
Error fetching colleges error: relation "colleges" does not exist
    at /home/cook/Projects/HostelOLX/server/node_modules/pg-pool/index.js:45:11
    at process.processTicksAndRejections (node:internal/process/task_queues:104:5)
    at async /home/cook/Projects/HostelOLX/server/server.js:19:22 {
  length: 107,
  severity: 'ERROR',
  code: '42P01',
  detail: undefined,
  hint: undefined,
  position: '36',
  internalPosition: undefined,
  internalQuery: undefined,
  where: undefined,
  schema: undefined,
  table: undefined,
  column: undefined,
  dataType: undefined,
  constraint: undefined,
  file: 'parse_relation.c',
  line: '1466',
  routine: 'parserOpenTable'
}
Error fetching colleges error: relation "colleges" does not exist
    at /home/cook/Projects/HostelOLX/server/node_modules/pg-pool/index.js:45:11
    at process.processTicksAndRejections (node:internal/process/task_queues:104:5)
    at async /home/cook/Projects/HostelOLX/server/server.js:19:22 {
  length: 107,
  severity: 'ERROR',
  code: '42P01',
  detail: undefined,
  hint: undefined,
  position: '36',
  internalPosition: undefined,
  internalQuery: undefined,
  where: undefined,
  schema: undefined,
  table: undefined,
  column: undefined,
  dataType: undefined,
  constraint: undefined,
  file: 'parse_relation.c',
  line: '1466',
  routine: 'parserOpenTable'
}
Error fetching colleges error: relation "colleges" does not exist
    at /home/cook/Projects/HostelOLX/server/node_modules/pg-pool/index.js:45:11
    at process.processTicksAndRejections (node:internal/process/task_queues:104:5)
    at async /home/cook/Projects/HostelOLX/server/server.js:19:22 {
  length: 107,
  severity: 'ERROR',
  code: '42P01',
  detail: undefined,
  hint: undefined,
  position: '36',
  internalPosition: undefined,
  internalQuery: undefined,
  where: undefined,
  schema: undefined,
  table: undefined,
  column: undefined,
  dataType: undefined,
  constraint: undefined,
  file: 'parse_relation.c',
  line: '1466',
  routine: 'parserOpenTable'
}
Error fetching colleges error: relation "colleges" does not exist
    at /home/cook/Projects/HostelOLX/server/node_modules/pg-pool/index.js:45:11
    at process.processTicksAndRejections (node:internal/process/task_queues:104:5)
    at async /home/cook/Projects/HostelOLX/server/server.js:19:22 {
  length: 107,
  severity: 'ERROR',
  code: '42P01',
  detail: undefined,
  hint: undefined,
  position: '36',
  internalPosition: undefined,
  internalQuery: undefined,
  where: undefined,
  schema: undefined,
  table: undefined,
  column: undefined,
  dataType: undefined,
  constraint: undefined,
  file: 'parse_relation.c',
  line: '1466',
  routine: 'parserOpenTable'
}
Error fetching colleges error: relation "colleges" does not exist
    at /home/cook/Projects/HostelOLX/server/node_modules/pg-pool/index.js:45:11
    at process.processTicksAndRejections (node:internal/process/task_queues:104:5)
    at async /home/cook/Projects/HostelOLX/server/server.js:19:22 {
  length: 107,
  severity: 'ERROR',
  code: '42P01',
  detail: undefined,
  hint: undefined,
  position: '36',
  internalPosition: undefined,
  internalQuery: undefined,
  where: undefined,
  schema: undefined,
  table: undefined,
  column: undefined,
  dataType: undefined,
  constraint: undefined,
  file: 'parse_relation.c',
  line: '1466',
  routine: 'parserOpenTable'
}
Error fetching colleges error: relation "colleges" does not exist
    at /home/cook/Projects/HostelOLX/server/node_modules/pg-pool/index.js:45:11
    at process.processTicksAndRejections (node:internal/process/task_queues:104:5)
    at async /home/cook/Projects/HostelOLX/server/server.js:19:22 {
  length: 107,
  severity: 'ERROR',
  code: '42P01',
  detail: undefined,
  hint: undefined,
  position: '36',
  internalPosition: undefined,
  internalQuery: undefined,
  where: undefined,
  schema: undefined,
  table: undefined,
  column: undefined,
  dataType: undefined,
  constraint: undefined,
  file: 'parse_relation.c',
  line: '1466',
  routine: 'parserOpenTable'
}
Error fetching colleges error: relation "colleges" does not exist
    at /home/cook/Projects/HostelOLX/server/node_modules/pg-pool/index.js:45:11
    at process.processTicksAndRejections (node:internal/process/task_queues:104:5)
    at async /home/cook/Projects/HostelOLX/server/server.js:19:22 {
  length: 107,
  severity: 'ERROR',
  code: '42P01',
  detail: undefined,
  hint: undefined,
  position: '36',
  internalPosition: undefined,
  internalQuery: undefined,
  where: undefined,
  schema: undefined,
  table: undefined,
  column: undefined,
  dataType: undefined,
  constraint: undefined,
  file: 'parse_relation.c',
  line: '1466',
  routine: 'parserOpenTable'
}
